<?xml version="1.0" encoding="UTF-8"?>
<!-- Generated by org.testng.reporters.JUnitReportReporter -->
<testsuite hostname="Rudra_Home" failures="0" tests="2" name="testCases.TC002_Product1_SauceLabsOnesie" time="0.575" errors="0" timestamp="2025-01-02T23:22:59 MST" skipped="0">
  <testcase classname="testCases.TC002_Product1_SauceLabsOnesie" name="product1_description" time="0.205"/>
  <testcase classname="testCases.TC002_Product1_SauceLabsOnesie" name="logincredentails" time="0.370"/>
</testsuite> <!-- testCases.TC002_Product1_SauceLabsOnesie -->
