<?xml version="1.0" encoding="UTF-8"?>
<!-- Generated by org.testng.reporters.JUnitReportReporter -->
<testsuite hostname="Rudra_Home" failures="0" tests="1" name="testCases.TC001_loginTest" time="0.367" errors="0" timestamp="2025-01-02T23:22:59 MST" skipped="0">
  <testcase classname="testCases.TC001_loginTest" name="logincredentails" time="0.367"/>
</testsuite> <!-- testCases.TC001_loginTest -->
