<?xml version="1.0" encoding="UTF-8"?>
<!-- Generated by org.testng.reporters.JUnitReportReporter -->
<testsuite hostname="Rudra_Home" failures="0" tests="2" name="testCases.TC003_Product2_SauceLabsBackpack" time="0.513" errors="0" timestamp="2025-01-02T23:22:59 MST" skipped="0">
  <testcase classname="testCases.TC003_Product2_SauceLabsBackpack" name="product2_description" time="0.168"/>
  <testcase classname="testCases.TC003_Product2_SauceLabsBackpack" name="logincredentails" time="0.345"/>
</testsuite> <!-- testCases.TC003_Product2_SauceLabsBackpack -->
