<?xml version="1.0" encoding="UTF-8"?>
<!-- Generated by org.testng.reporters.JUnitReportReporter -->
<testsuite hostname="Rudra_Home" failures="0" tests="2" name="testCases.TC006_ProductsInCart" time="0.493" errors="0" timestamp="2025-01-04T23:22:10 MST" skipped="0">
  <testcase classname="testCases.TC006_ProductsInCart" name="productsInCart" time="0.121"/>
  <testcase classname="testCases.TC006_ProductsInCart" name="logincredentails" time="0.372"/>
</testsuite> <!-- testCases.TC006_ProductsInCart -->
