<?xml version="1.0" encoding="UTF-8"?>
<!-- Generated by org.testng.reporters.JUnitReportReporter -->
<testsuite hostname="Rudra_Home" failures="0" tests="2" name="testCases.TC003_Product2_SauceLabsBackpack" time="0.468" errors="0" timestamp="2025-01-04T23:22:10 MST" skipped="0">
  <testcase classname="testCases.TC003_Product2_SauceLabsBackpack" name="logincredentails" time="0.337"/>
  <testcase classname="testCases.TC003_Product2_SauceLabsBackpack" name="product2_description" time="0.131"/>
</testsuite> <!-- testCases.TC003_Product2_SauceLabsBackpack -->
