<?xml version="1.0" encoding="UTF-8"?>
<!-- Generated by org.testng.reporters.JUnitReportReporter -->
<testsuite hostname="Rudra_Home" failures="0" tests="2" name="testCases.TC004_Product3_SauceLabsBikeLight" time="0.915" errors="0" timestamp="2025-01-02T23:22:59 MST" skipped="0">
  <testcase classname="testCases.TC004_Product3_SauceLabsBikeLight" name="logincredentails" time="0.610"/>
  <testcase classname="testCases.TC004_Product3_SauceLabsBikeLight" name="product3_description" time="0.305"/>
</testsuite> <!-- testCases.TC004_Product3_SauceLabsBikeLight -->
