<?xml version="1.0" encoding="UTF-8"?>
<!-- Generated by org.testng.reporters.JUnitReportReporter -->
<testsuite hostname="Rudra_Home" failures="0" tests="2" name="testCases.TC005_Product4_SauceLabsTShirtRed" time="0.883" errors="0" timestamp="2025-01-02T23:22:59 MST" skipped="0">
  <testcase classname="testCases.TC005_Product4_SauceLabsTShirtRed" name="logincredentails" time="0.560"/>
  <testcase classname="testCases.TC005_Product4_SauceLabsTShirtRed" name="product4_SauceLabsTShirtRed" time="0.323"/>
</testsuite> <!-- testCases.TC005_Product4_SauceLabsTShirtRed -->
