<?xml version="1.0" encoding="UTF-8"?>
<!-- Generated by org.testng.reporters.JUnitReportReporter -->
<testsuite hostname="Rudra_Home" failures="0" tests="2" name="testCases.TC002_Product1_SauceLabsOnesie" time="0.471" errors="0" timestamp="2025-01-04T23:22:10 MST" skipped="0">
  <testcase classname="testCases.TC002_Product1_SauceLabsOnesie" name="product1_description" time="0.138"/>
  <testcase classname="testCases.TC002_Product1_SauceLabsOnesie" name="logincredentails" time="0.333"/>
</testsuite> <!-- testCases.TC002_Product1_SauceLabsOnesie -->
